<?xml version="1.0" encoding="UTF-8"?>
<!-- Generated by org.testng.reporters.JUnitXMLReporter -->
<testsuite hostname="Lenovo-PC" ignored="0" name="Test" tests="6" failures="0" timestamp="23 Dec 2018 09:04:48 GMT" time="168.364" errors="0">
  <testcase name="getEmployeeSectionManagerTest" time="29.442" classname="com.qa.testcases.GetEmployeeSectionManagerInfo"/>
  <testcase name="getEmployeeDirectorTest" time="26.395" classname="com.qa.testcases.GetEmployeeDirectorInfo"/>
  <testcase name="getEmployeeGMTest" time="26.488" classname="com.qa.testcases.GetEmployeeGMInfo"/>
  <testcase name="getEmployeeVPTest" time="26.292" classname="com.qa.testcases.GetEmployeeVPInfo"/>
  <testcase name="getEmployeeCEOTest" time="32.719" classname="com.qa.testcases.GetEmployeeCEOInfo"/>
  <testcase name="getEmployeePresidentTest" time="26.995" classname="com.qa.testcases.GetEmployeePresidentInfo"/>
</testsuite> <!-- Test -->
